Determining if the function MPI_Comm_f2c exists failed with the following output:
Change Dir: /home/tkurc/codar/acme/ParallelIO/build/CMakeFiles/CMakeTmp

Run Build Command:"/usr/bin/gmake" "cmTC_ee02a/fast"
/usr/bin/gmake -f CMakeFiles/cmTC_ee02a.dir/build.make CMakeFiles/cmTC_ee02a.dir/build
gmake[1]: Entering directory `/home/tkurc/codar/acme/ParallelIO/build/CMakeFiles/CMakeTmp'
Building C object CMakeFiles/cmTC_ee02a.dir/CheckFunctionExists.c.o
/home/tkurc/codar/spack/opt/spack/linux-centos7-x86_64/gcc-4.8.5/mpich-3.2-7ebkszxwry7gtzk47p2ygd6n235rohhi/bin/mpicc  -I/home/tkurc/codar/spack/opt/spack/linux-centos7-x86_64/gcc-4.8.5/mpich-3.2-7ebkszxwry7gtzk47p2ygd6n235rohhi/include  -DCHECK_FUNCTION_EXISTS=MPI_Comm_f2c   -o CMakeFiles/cmTC_ee02a.dir/CheckFunctionExists.c.o   -c /home/tkurc/codar/spack/opt/spack/linux-centos7-x86_64/gcc-4.8.5/cmake-3.8.1-ctetv3z3oeyvgl22vwnnvbaman4z3kvo/share/cmake-3.8/Modules/CheckFunctionExists.c
Linking C executable cmTC_ee02a
/home/tkurc/codar/spack/opt/spack/linux-centos7-x86_64/gcc-4.8.5/cmake-3.8.1-ctetv3z3oeyvgl22vwnnvbaman4z3kvo/bin/cmake -E cmake_link_script CMakeFiles/cmTC_ee02a.dir/link.txt --verbose=1
/home/tkurc/codar/spack/opt/spack/linux-centos7-x86_64/gcc-4.8.5/mpich-3.2-7ebkszxwry7gtzk47p2ygd6n235rohhi/bin/mpicc  -DCHECK_FUNCTION_EXISTS=MPI_Comm_f2c    -rdynamic CMakeFiles/cmTC_ee02a.dir/CheckFunctionExists.c.o  -o cmTC_ee02a /home/tkurc/codar/spack/opt/spack/linux-centos7-x86_64/gcc-4.8.5/mpich-3.2-7ebkszxwry7gtzk47p2ygd6n235rohhi/lib/libmpi.so 
CMakeFiles/cmTC_ee02a.dir/CheckFunctionExists.c.o: In function `main':
CheckFunctionExists.c:(.text+0x10): undefined reference to `MPI_Comm_f2c'
collect2: error: ld returned 1 exit status
gmake[1]: *** [cmTC_ee02a] Error 1
gmake[1]: Leaving directory `/home/tkurc/codar/acme/ParallelIO/build/CMakeFiles/CMakeTmp'
gmake: *** [cmTC_ee02a/fast] Error 2


Determining if the function nc_set_log_level exists failed with the following output:
Change Dir: /home/tkurc/codar/acme/ParallelIO/build/CMakeFiles/CMakeTmp

Run Build Command:"/usr/bin/gmake" "cmTC_12a50/fast"
/usr/bin/gmake -f CMakeFiles/cmTC_12a50.dir/build.make CMakeFiles/cmTC_12a50.dir/build
gmake[1]: Entering directory `/home/tkurc/codar/acme/ParallelIO/build/CMakeFiles/CMakeTmp'
Building C object CMakeFiles/cmTC_12a50.dir/CheckFunctionExists.c.o
/home/tkurc/codar/spack/opt/spack/linux-centos7-x86_64/gcc-4.8.5/mpich-3.2-7ebkszxwry7gtzk47p2ygd6n235rohhi/bin/mpicc  -I/home/tkurc/codar/acme/netcdf/include  -DCHECK_FUNCTION_EXISTS=nc_set_log_level   -o CMakeFiles/cmTC_12a50.dir/CheckFunctionExists.c.o   -c /home/tkurc/codar/spack/opt/spack/linux-centos7-x86_64/gcc-4.8.5/cmake-3.8.1-ctetv3z3oeyvgl22vwnnvbaman4z3kvo/share/cmake-3.8/Modules/CheckFunctionExists.c
Linking C executable cmTC_12a50
/home/tkurc/codar/spack/opt/spack/linux-centos7-x86_64/gcc-4.8.5/cmake-3.8.1-ctetv3z3oeyvgl22vwnnvbaman4z3kvo/bin/cmake -E cmake_link_script CMakeFiles/cmTC_12a50.dir/link.txt --verbose=1
/home/tkurc/codar/spack/opt/spack/linux-centos7-x86_64/gcc-4.8.5/mpich-3.2-7ebkszxwry7gtzk47p2ygd6n235rohhi/bin/mpicc  -DCHECK_FUNCTION_EXISTS=nc_set_log_level    -rdynamic CMakeFiles/cmTC_12a50.dir/CheckFunctionExists.c.o  -o cmTC_12a50 -Wl,-rpath,/home/tkurc/codar/acme/netcdf/lib /home/tkurc/codar/acme/netcdf/lib/libnetcdf.so 
CMakeFiles/cmTC_12a50.dir/CheckFunctionExists.c.o: In function `main':
CheckFunctionExists.c:(.text+0x10): undefined reference to `nc_set_log_level'
collect2: error: ld returned 1 exit status
gmake[1]: *** [cmTC_12a50] Error 1
gmake[1]: Leaving directory `/home/tkurc/codar/acme/ParallelIO/build/CMakeFiles/CMakeTmp'
gmake: *** [cmTC_12a50/fast] Error 2


